0 info it worked if it ends with ok
1 verbose cli [ 'node', '/usr/local/bin/npm', 'link' ]
2 info using npm@1.4.28
3 info using node@v0.10.32
4 verbose linkPkg /Users/jhendley25/projects/yeah
5 verbose link build target /usr/local/lib/node_modules/yeah
6 verbose install where,what [ '/Users/jhendley25/projects/yeah', [] ]
7 verbose readDependencies using package.json deps
8 verbose install where, deps [ '/Users/jhendley25/projects/yeah',
8 verbose install   [ 'chalk', 'commander', 'prompt' ] ]
9 info preinstall yeah@1.0.0
10 verbose readDependencies using package.json deps
11 verbose already installed skipping chalk@^0.5.1 /Users/jhendley25/projects/yeah
12 verbose already installed skipping commander@^2.5.0 /Users/jhendley25/projects/yeah
13 verbose already installed skipping prompt@^0.2.14 /Users/jhendley25/projects/yeah
14 silly resolved []
15 info build /Users/jhendley25/projects/yeah
16 verbose linkStuff [ false, false, false, '/Users/jhendley25/projects' ]
17 info linkStuff yeah@1.0.0
18 verbose linkBins yeah@1.0.0
19 verbose linkMans yeah@1.0.0
20 verbose rebuildBundles yeah@1.0.0
21 verbose rebuildBundles [ 'chalk', 'commander', 'prompt' ]
22 info install yeah@1.0.0
23 info postinstall yeah@1.0.0
24 info prepublish yeah@1.0.0
25 info build /usr/local/lib/node_modules/yeah
26 verbose linkStuff [ true,
26 verbose linkStuff   '/usr/local/lib/node_modules',
26 verbose linkStuff   true,
26 verbose linkStuff   '/usr/local/lib/node_modules' ]
27 info linkStuff yeah@1.0.0
28 verbose linkBins yeah@1.0.0
29 verbose link bins [ { noah: 'noah.js' }, '/usr/local/bin', true ]
30 verbose linkMans yeah@1.0.0
31 error Error: ENOENT, chmod '/usr/local/lib/node_modules/yeah/noah.js'
32 error If you need help, you may report this *entire* log,
32 error including the npm and node versions, at:
32 error     <http://github.com/npm/npm/issues>
33 error System Darwin 13.4.0
34 error command "node" "/usr/local/bin/npm" "link"
35 error cwd /Users/jhendley25/projects/yeah
36 error node -v v0.10.32
37 error npm -v 1.4.28
38 error path /usr/local/lib/node_modules/yeah/noah.js
39 error code ENOENT
40 error errno 34
41 verbose exit [ 34, true ]
